2025-08-27 12:16:49.053 [restartedMain] INFO  [] [] [] com.cps.app.AppApplication - Starting AppApplication using Java 21.0.1 with PID 14544 (C:\Users\dell\Desktop\CPS\app\app\target\classes started by dell in C:\Users\dell\Desktop\CPS\app\app)
2025-08-27 12:16:49.055 [restartedMain] INFO  [] [] [] com.cps.app.AppApplication - No active profile set, falling back to 1 default profile: "default"
2025-08-27 12:16:58.621 [restartedMain] INFO  [] [] [] o.s.d.r.c.RepositoryConfigurationDelegate - Bootstrapping Spring Data JPA repositories in DEFAULT mode.
2025-08-27 12:16:58.986 [restartedMain] INFO  [] [] [] o.s.d.r.c.RepositoryConfigurationDelegate - Finished Spring Data repository scanning in 344 ms. Found 10 JPA repository interfaces.
2025-08-27 12:17:01.812 [restartedMain] INFO  [] [] [] o.s.b.w.e.tomcat.TomcatWebServer - Tomcat initialized with port 8080 (http)
2025-08-27 12:17:01.838 [restartedMain] INFO  [] [] [] o.a.catalina.core.StandardService - Starting service [Tomcat]
2025-08-27 12:17:01.840 [restartedMain] INFO  [] [] [] o.a.catalina.core.StandardEngine - Starting Servlet engine: [Apache Tomcat/10.1.43]
2025-08-27 12:17:02.112 [restartedMain] INFO  [] [] [] o.a.c.c.C.[Tomcat].[localhost].[/] - Initializing Spring embedded WebApplicationContext
2025-08-27 12:17:02.112 [restartedMain] INFO  [] [] [] o.s.b.w.s.c.ServletWebServerApplicationContext - Root WebApplicationContext: initialization completed in 13043 ms
2025-08-27 12:17:02.566 [restartedMain] INFO  [] [] [] o.h.jpa.internal.util.LogHelper - HHH000204: Processing PersistenceUnitInfo [name: default]
2025-08-27 12:17:02.627 [restartedMain] INFO  [] [] [] o.h.c.i.RegionFactoryInitiator - HHH000026: Second-level cache disabled
2025-08-27 12:17:02.819 [restartedMain] INFO  [] [] [] o.s.o.j.p.SpringPersistenceUnitInfo - No LoadTimeWeaver setup: ignoring JPA class transformer
2025-08-27 12:17:02.831 [restartedMain] INFO  [] [] [] com.zaxxer.hikari.HikariDataSource - HikariPool-2 - Starting...
2025-08-27 12:17:02.853 [restartedMain] INFO  [] [] [] com.zaxxer.hikari.pool.HikariPool - HikariPool-2 - Added connection com.mysql.cj.jdbc.ConnectionImpl@403a8d01
2025-08-27 12:17:02.853 [restartedMain] INFO  [] [] [] com.zaxxer.hikari.HikariDataSource - HikariPool-2 - Start completed.
2025-08-27 12:17:02.869 [restartedMain] WARN  [] [] [] org.hibernate.dialect.Dialect - HHH000511: The 5.5.5 version for [org.hibernate.dialect.MariaDBDialect] is no longer supported, hence certain features may not work properly. The minimum supported version is 10.4.0. Check the community dialects project for available legacy versions.
2025-08-27 12:17:02.872 [restartedMain] WARN  [] [] [] org.hibernate.orm.deprecation - HHH90000025: MariaDBDialect does not need to be specified explicitly using 'hibernate.dialect' (remove the property setting and it will be selected by default)
2025-08-27 12:17:02.874 [restartedMain] INFO  [] [] [] o.hibernate.orm.connections.pooling - HHH10001005: Database info:
	Database JDBC URL [Connecting through datasource 'HikariDataSource (HikariPool-2)']
	Database driver: undefined/unknown
	Database version: 5.5.5
	Autocommit mode: undefined/unknown
	Isolation level: undefined/unknown
	Minimum pool size: undefined/unknown
	Maximum pool size: undefined/unknown
2025-08-27 12:17:04.406 [restartedMain] INFO  [] [] [] o.h.e.t.j.p.i.JtaPlatformInitiator - HHH000489: No JTA platform available (set 'hibernate.transaction.jta.platform' to enable JTA platform integration)
2025-08-27 12:17:07.716 [restartedMain] INFO  [] [] [] o.s.o.j.LocalContainerEntityManagerFactoryBean - Initialized JPA EntityManagerFactory for persistence unit 'default'
2025-08-27 12:17:08.581 [restartedMain] WARN  [] [] [] o.s.b.a.o.j.JpaBaseConfiguration$JpaWebConfiguration - spring.jpa.open-in-view is enabled by default. Therefore, database queries may be performed during view rendering. Explicitly configure spring.jpa.open-in-view to disable this warning
2025-08-27 12:17:08.630 [restartedMain] WARN  [] [] [] o.s.b.a.s.s.UserDetailsServiceAutoConfiguration - 

Using generated security password: 91ff9390-5209-4b06-80e2-b3117e2a1ce7

This generated password is for development use only. Your security configuration must be updated before running your application in production.

2025-08-27 12:17:08.633 [restartedMain] INFO  [] [] [] o.s.s.c.a.a.c.InitializeUserDetailsBeanManagerConfigurer$InitializeUserDetailsManagerConfigurer - Global AuthenticationManager configured with UserDetailsService bean with name inMemoryUserDetailsManager
2025-08-27 12:17:09.383 [restartedMain] INFO  [] [] [] o.s.b.d.a.OptionalLiveReloadServer - LiveReload server is running on port 35729
2025-08-27 12:17:09.448 [restartedMain] INFO  [] [] [] o.s.b.w.e.tomcat.TomcatWebServer - Tomcat started on port 8080 (http) with context path '/'
2025-08-27 12:17:09.505 [restartedMain] INFO  [] [] [] com.cps.app.AppApplication - Started AppApplication in 22.275 seconds (process running for 1511.512)
2025-08-27 12:17:11.266 [File Watcher] INFO  [] [] [] o.s.b.d.a.LocalDevToolsAutoConfiguration$RestartingClassPathChangeChangedEventListener - Restarting due to 4 class path changes (4 additions, 0 deletions, 0 modifications)
2025-08-27 12:17:11.271 [Thread-7] INFO  [] [] [] o.s.b.w.e.tomcat.GracefulShutdown - Commencing graceful shutdown. Waiting for active requests to complete
2025-08-27 12:17:11.309 [tomcat-shutdown] INFO  [] [] [] o.s.b.w.e.tomcat.GracefulShutdown - Graceful shutdown complete
2025-08-27 12:17:11.320 [Thread-7] INFO  [] [] [] o.s.o.j.LocalContainerEntityManagerFactoryBean - Closing JPA EntityManagerFactory for persistence unit 'default'
2025-08-27 12:17:11.323 [Thread-7] INFO  [] [] [] com.zaxxer.hikari.HikariDataSource - HikariPool-2 - Shutdown initiated...
2025-08-27 12:17:11.340 [Thread-7] INFO  [] [] [] com.zaxxer.hikari.HikariDataSource - HikariPool-2 - Shutdown completed.
